\BOOKMARK [0][-]{chapter.1}{\376\377\0001\000\040\000Q\000L\000a\000i\000b\000L\000i\000b\000\040\000A\000r\000c\000h\000i\000t\000e\000c\000t\000u\000r\000e\000\040\000\050\000C\000+\000+\000/\000Q\000t\000\051}{}% 1
\BOOKMARK [1][-]{section.1.1}{\376\377\0001\000.\0001\000\040\000L\000a\000y\000o\000u\000t\000\040\000\050\000c\000p\000p\000/\000\051}{chapter.1}% 2
\BOOKMARK [1][-]{section.1.2}{\376\377\0001\000.\0002\000\040\000D\000a\000t\000a\000f\000l\000o\000w}{chapter.1}% 3
\BOOKMARK [1][-]{section.1.3}{\376\377\0001\000.\0003\000\040\000B\000u\000i\000l\000d\000\040\000d\000e\000p\000e\000n\000d\000e\000n\000c\000i\000e\000s}{chapter.1}% 4
\BOOKMARK [1][-]{section.1.4}{\376\377\0001\000.\0004\000\040\000R\000u\000n\000t\000i\000m\000e}{chapter.1}% 5
\BOOKMARK [0][-]{chapter.2}{\376\377\0002\000\040\000Q\000L\000a\000i\000b\000L\000i\000b\000\040\000U\000s\000a\000g\000e\000\040\000\050\000C\000+\000+\000\040\000Q\000t\000\040\000G\000U\000I\000\051}{}% 6
\BOOKMARK [1][-]{section.2.1}{\376\377\0002\000.\0001\000\040\000R\000u\000n\000\040\000m\000o\000d\000e\000s}{chapter.2}% 7
\BOOKMARK [1][-]{section.2.2}{\376\377\0002\000.\0002\000\040\000C\000o\000n\000t\000r\000o\000l\000s}{chapter.2}% 8
\BOOKMARK [2][-]{subsection.2.2.1}{\376\377\0002\000.\0002\000.\0001\000\040\000P\000a\000i\000r\000s}{section.2.2}% 9
\BOOKMARK [2][-]{subsection.2.2.2}{\376\377\0002\000.\0002\000.\0002\000\040\000H\000i\000s\000t\000o\000g\000r\000a\000m}{section.2.2}% 10
\BOOKMARK [2][-]{subsection.2.2.3}{\376\377\0002\000.\0002\000.\0003\000\040\000P\000l\000o\000t\000s}{section.2.2}% 11
\BOOKMARK [2][-]{subsection.2.2.4}{\376\377\0002\000.\0002\000.\0004\000\040\000E\000x\000p\000o\000r\000t}{section.2.2}% 12
\BOOKMARK [1][-]{section.2.3}{\376\377\0002\000.\0003\000\040\000E\000n\000v\000\040\000v\000a\000r\000s}{chapter.2}% 13
\BOOKMARK [1][-]{section.2.4}{\376\377\0002\000.\0004\000\040\000W\000i\000n\000d\000o\000w\000s\000\040\000n\000o\000t\000e\000s}{chapter.2}% 14
\BOOKMARK [0][-]{chapter.3}{\376\377\0003\000\040\000N\000a\000m\000e\000s\000p\000a\000c\000e\000\040\000I\000n\000d\000e\000x}{}% 15
\BOOKMARK [1][-]{section.3.1}{\376\377\0003\000.\0001\000\040\000N\000a\000m\000e\000s\000p\000a\000c\000e\000\040\000L\000i\000s\000t}{chapter.3}% 16
\BOOKMARK [0][-]{chapter.4}{\376\377\0004\000\040\000H\000i\000e\000r\000a\000r\000c\000h\000i\000c\000a\000l\000\040\000I\000n\000d\000e\000x}{}% 17
\BOOKMARK [1][-]{section.4.1}{\376\377\0004\000.\0001\000\040\000C\000l\000a\000s\000s\000\040\000H\000i\000e\000r\000a\000r\000c\000h\000y}{chapter.4}% 18
\BOOKMARK [0][-]{chapter.5}{\376\377\0005\000\040\000C\000l\000a\000s\000s\000\040\000I\000n\000d\000e\000x}{}% 19
\BOOKMARK [1][-]{section.5.1}{\376\377\0005\000.\0001\000\040\000C\000l\000a\000s\000s\000\040\000L\000i\000s\000t}{chapter.5}% 20
\BOOKMARK [0][-]{chapter.6}{\376\377\0006\000\040\000F\000i\000l\000e\000\040\000I\000n\000d\000e\000x}{}% 21
\BOOKMARK [1][-]{section.6.1}{\376\377\0006\000.\0001\000\040\000F\000i\000l\000e\000\040\000L\000i\000s\000t}{chapter.6}% 22
\BOOKMARK [0][-]{chapter.7}{\376\377\0007\000\040\000N\000a\000m\000e\000s\000p\000a\000c\000e\000\040\000D\000o\000c\000u\000m\000e\000n\000t\000a\000t\000i\000o\000n}{}% 23
\BOOKMARK [1][-]{section.7.1}{\376\377\0007\000.\0001\000\040\000q\000l\000a\000i\000b\000\040\000N\000a\000m\000e\000s\000p\000a\000c\000e\000\040\000R\000e\000f\000e\000r\000e\000n\000c\000e}{chapter.7}% 24
\BOOKMARK [1][-]{section.7.2}{\376\377\0007\000.\0002\000\040\000q\000l\000a\000i\000b\000:\000:\000a\000c\000q\000u\000i\000s\000i\000t\000i\000o\000n\000\040\000N\000a\000m\000e\000s\000p\000a\000c\000e\000\040\000R\000e\000f\000e\000r\000e\000n\000c\000e}{chapter.7}% 25
\BOOKMARK [1][-]{section.7.3}{\376\377\0007\000.\0003\000\040\000q\000l\000a\000i\000b\000:\000:\000a\000c\000q\000u\000i\000s\000i\000t\000i\000o\000n\000:\000:\000a\000n\000o\000n\000y\000m\000o\000u\000s\000\137\000n\000a\000m\000e\000s\000p\000a\000c\000e\000\173\000Q\000u\000T\000A\000G\000B\000a\000c\000k\000e\000n\000d\000.\000c\000p\000p\000\175\000\040\000N\000a\000m\000e\000s\000p\000a\000c\000e\000\040\000R\000e\000f\000e\000r\000e\000n\000c\000e}{chapter.7}% 26
\BOOKMARK [2][-]{subsection.7.3.1}{\376\377\0007\000.\0003\000.\0001\000\040\000V\000a\000r\000i\000a\000b\000l\000e\000\040\000D\000o\000c\000u\000m\000e\000n\000t\000a\000t\000i\000o\000n}{section.7.3}% 27
\BOOKMARK [3][-]{subsubsection.7.3.1.1}{\376\377\0007\000.\0003\000.\0001\000.\0001\000\040\000k\000D\000e\000f\000a\000u\000l\000t\000C\000h\000a\000n\000n\000e\000l\000M\000a\000s\000k}{subsection.7.3.1}% 28
\BOOKMARK [1][-]{section.7.4}{\376\377\0007\000.\0004\000\040\000q\000l\000a\000i\000b\000:\000:\000c\000o\000r\000e\000\040\000N\000a\000m\000e\000s\000p\000a\000c\000e\000\040\000R\000e\000f\000e\000r\000e\000n\000c\000e}{chapter.7}% 29
\BOOKMARK [1][-]{section.7.5}{\376\377\0007\000.\0005\000\040\000q\000l\000a\000i\000b\000:\000:\000d\000a\000t\000a\000\040\000N\000a\000m\000e\000s\000p\000a\000c\000e\000\040\000R\000e\000f\000e\000r\000e\000n\000c\000e}{chapter.7}% 30
\BOOKMARK [1][-]{section.7.6}{\376\377\0007\000.\0006\000\040\000q\000l\000a\000i\000b\000:\000:\000m\000e\000t\000r\000i\000c\000s\000\040\000N\000a\000m\000e\000s\000p\000a\000c\000e\000\040\000R\000e\000f\000e\000r\000e\000n\000c\000e}{chapter.7}% 31
\BOOKMARK [1][-]{section.7.7}{\376\377\0007\000.\0007\000\040\000q\000l\000a\000i\000b\000:\000:\000u\000i\000\040\000N\000a\000m\000e\000s\000p\000a\000c\000e\000\040\000R\000e\000f\000e\000r\000e\000n\000c\000e}{chapter.7}% 32
\BOOKMARK [0][-]{chapter.8}{\376\377\0008\000\040\000C\000l\000a\000s\000s\000\040\000D\000o\000c\000u\000m\000e\000n\000t\000a\000t\000i\000o\000n}{}% 33
\BOOKMARK [1][-]{section.8.1}{\376\377\0008\000.\0001\000\040\000q\000l\000a\000i\000b\000:\000:\000a\000c\000q\000u\000i\000s\000i\000t\000i\000o\000n\000:\000:\000B\000a\000c\000k\000e\000n\000d\000C\000o\000n\000f\000i\000g\000\040\000S\000t\000r\000u\000c\000t\000\040\000R\000e\000f\000e\000r\000e\000n\000c\000e}{chapter.8}% 34
\BOOKMARK [2][-]{subsection.8.1.1}{\376\377\0008\000.\0001\000.\0001\000\040\000D\000e\000t\000a\000i\000l\000e\000d\000\040\000D\000e\000s\000c\000r\000i\000p\000t\000i\000o\000n}{section.8.1}% 35
\BOOKMARK [2][-]{subsection.8.1.2}{\376\377\0008\000.\0001\000.\0002\000\040\000M\000e\000m\000b\000e\000r\000\040\000D\000a\000t\000a\000\040\000D\000o\000c\000u\000m\000e\000n\000t\000a\000t\000i\000o\000n}{section.8.1}% 36
\BOOKMARK [3][-]{subsubsection.8.1.2.1}{\376\377\0008\000.\0001\000.\0002\000.\0001\000\040\000c\000o\000i\000n\000c\000i\000d\000e\000n\000c\000e\000W\000i\000n\000d\000o\000w\000P\000s}{subsection.8.1.2}% 37
\BOOKMARK [3][-]{subsubsection.8.1.2.2}{\376\377\0008\000.\0001\000.\0002\000.\0002\000\040\000e\000x\000p\000o\000s\000u\000r\000e\000S\000e\000c\000o\000n\000d\000s}{subsection.8.1.2}% 38
\BOOKMARK [3][-]{subsubsection.8.1.2.3}{\376\377\0008\000.\0001\000.\0002\000.\0003\000\040\000r\000e\000p\000l\000a\000y\000F\000i\000l\000e}{subsection.8.1.2}% 39
\BOOKMARK [3][-]{subsubsection.8.1.2.4}{\376\377\0008\000.\0001\000.\0002\000.\0004\000\040\000t\000i\000m\000e\000s\000t\000a\000m\000p\000B\000u\000f\000f\000e\000r\000S\000i\000z\000e}{subsection.8.1.2}% 40
\BOOKMARK [3][-]{subsubsection.8.1.2.5}{\376\377\0008\000.\0001\000.\0002\000.\0005\000\040\000u\000s\000e\000M\000o\000c\000k}{subsection.8.1.2}% 41
\BOOKMARK [1][-]{section.8.2}{\376\377\0008\000.\0002\000\040\000q\000l\000a\000i\000b\000:\000:\000a\000c\000q\000u\000i\000s\000i\000t\000i\000o\000n\000:\000:\000B\000i\000n\000R\000e\000p\000l\000a\000y\000B\000a\000c\000k\000e\000n\000d\000\040\000C\000l\000a\000s\000s\000\040\000R\000e\000f\000e\000r\000e\000n\000c\000e}{chapter.8}% 42
\BOOKMARK [2][-]{subsection.8.2.1}{\376\377\0008\000.\0002\000.\0001\000\040\000M\000e\000m\000b\000e\000r\000\040\000F\000u\000n\000c\000t\000i\000o\000n\000\040\000D\000o\000c\000u\000m\000e\000n\000t\000a\000t\000i\000o\000n}{section.8.2}% 43
\BOOKMARK [3][-]{subsubsection.8.2.1.1}{\376\377\0008\000.\0002\000.\0001\000.\0001\000\040\000n\000e\000x\000t\000B\000a\000t\000c\000h\000\050\000\051}{subsection.8.2.1}% 44
\BOOKMARK [3][-]{subsubsection.8.2.1.2}{\376\377\0008\000.\0002\000.\0001\000.\0002\000\040\000s\000t\000a\000r\000t\000\050\000\051}{subsection.8.2.1}% 45
\BOOKMARK [3][-]{subsubsection.8.2.1.3}{\376\377\0008\000.\0002\000.\0001\000.\0003\000\040\000s\000t\000o\000p\000\050\000\051}{subsection.8.2.1}% 46
\BOOKMARK [2][-]{subsection.8.2.2}{\376\377\0008\000.\0002\000.\0002\000\040\000M\000e\000m\000b\000e\000r\000\040\000D\000a\000t\000a\000\040\000D\000o\000c\000u\000m\000e\000n\000t\000a\000t\000i\000o\000n}{section.8.2}% 47
\BOOKMARK [3][-]{subsubsection.8.2.2.1}{\376\377\0008\000.\0002\000.\0002\000.\0001\000\040\000c\000o\000i\000n\000c\000W\000i\000n\000d\000o\000w\000P\000s\000\137}{subsection.8.2.2}% 48
\BOOKMARK [3][-]{subsubsection.8.2.2.2}{\376\377\0008\000.\0002\000.\0002\000.\0002\000\040\000c\000u\000r\000r\000e\000n\000t\000S\000e\000c\000o\000n\000d\000\137}{subsection.8.2.2}% 49
\BOOKMARK [3][-]{subsubsection.8.2.2.3}{\376\377\0008\000.\0002\000.\0002\000.\0003\000\040\000l\000a\000s\000t\000S\000e\000c\000o\000n\000d\000\137}{subsection.8.2.2}% 50
\BOOKMARK [3][-]{subsubsection.8.2.2.4}{\376\377\0008\000.\0002\000.\0002\000.\0004\000\040\000s\000i\000n\000g\000l\000e\000s\000\137}{subsection.8.2.2}% 51
\BOOKMARK [1][-]{section.8.3}{\376\377\0008\000.\0003\000\040\000q\000l\000a\000i\000b\000:\000:\000d\000a\000t\000a\000:\000:\000C\000o\000i\000n\000c\000i\000d\000e\000n\000c\000e\000\040\000S\000t\000r\000u\000c\000t\000\040\000R\000e\000f\000e\000r\000e\000n\000c\000e}{chapter.8}% 52
\BOOKMARK [2][-]{subsection.8.3.1}{\376\377\0008\000.\0003\000.\0001\000\040\000M\000e\000m\000b\000e\000r\000\040\000D\000a\000t\000a\000\040\000D\000o\000c\000u\000m\000e\000n\000t\000a\000t\000i\000o\000n}{section.8.3}% 53
\BOOKMARK [3][-]{subsubsection.8.3.1.1}{\376\377\0008\000.\0003\000.\0001\000.\0001\000\040\000c\000o\000u\000n\000t\000s}{subsection.8.3.1}% 54
\BOOKMARK [3][-]{subsubsection.8.3.1.2}{\376\377\0008\000.\0003\000.\0001\000.\0002\000\040\000l\000a\000b\000e\000l}{subsection.8.3.1}% 55
\BOOKMARK [1][-]{section.8.4}{\376\377\0008\000.\0004\000\040\000q\000l\000a\000i\000b\000:\000:\000m\000e\000t\000r\000i\000c\000s\000:\000:\000D\000u\000m\000m\000y\000Q\000B\000E\000R\000\040\000C\000l\000a\000s\000s\000\040\000R\000e\000f\000e\000r\000e\000n\000c\000e}{chapter.8}% 56
\BOOKMARK [2][-]{subsection.8.4.1}{\376\377\0008\000.\0004\000.\0001\000\040\000M\000e\000m\000b\000e\000r\000\040\000F\000u\000n\000c\000t\000i\000o\000n\000\040\000D\000o\000c\000u\000m\000e\000n\000t\000a\000t\000i\000o\000n}{section.8.4}% 57
\BOOKMARK [3][-]{subsubsection.8.4.1.1}{\376\377\0008\000.\0004\000.\0001\000.\0001\000\040\000c\000o\000m\000p\000u\000t\000e\000\050\000\051}{subsection.8.4.1}% 58
\BOOKMARK [3][-]{subsubsection.8.4.1.2}{\376\377\0008\000.\0004\000.\0001\000.\0002\000\040\000n\000a\000m\000e\000\050\000\051}{subsection.8.4.1}% 59
\BOOKMARK [1][-]{section.8.5}{\376\377\0008\000.\0005\000\040\000q\000l\000a\000i\000b\000:\000:\000m\000e\000t\000r\000i\000c\000s\000:\000:\000D\000u\000m\000m\000y\000V\000i\000s\000i\000b\000i\000l\000i\000t\000y\000\040\000C\000l\000a\000s\000s\000\040\000R\000e\000f\000e\000r\000e\000n\000c\000e}{chapter.8}% 60
\BOOKMARK [2][-]{subsection.8.5.1}{\376\377\0008\000.\0005\000.\0001\000\040\000M\000e\000m\000b\000e\000r\000\040\000F\000u\000n\000c\000t\000i\000o\000n\000\040\000D\000o\000c\000u\000m\000e\000n\000t\000a\000t\000i\000o\000n}{section.8.5}% 61
\BOOKMARK [3][-]{subsubsection.8.5.1.1}{\376\377\0008\000.\0005\000.\0001\000.\0001\000\040\000c\000o\000m\000p\000u\000t\000e\000\050\000\051}{subsection.8.5.1}% 62
\BOOKMARK [3][-]{subsubsection.8.5.1.2}{\376\377\0008\000.\0005\000.\0001\000.\0002\000\040\000n\000a\000m\000e\000\050\000\051}{subsection.8.5.1}% 63
\BOOKMARK [1][-]{section.8.6}{\376\377\0008\000.\0006\000\040\000q\000l\000a\000i\000b\000:\000:\000c\000o\000r\000e\000:\000:\000E\000v\000e\000n\000t\000B\000u\000s\000<\000\040\000P\000a\000y\000l\000o\000a\000d\000\040\000>\000\040\000C\000l\000a\000s\000s\000\040\000T\000e\000m\000p\000l\000a\000t\000e\000\040\000R\000e\000f\000e\000r\000e\000n\000c\000e}{chapter.8}% 64
\BOOKMARK [2][-]{subsection.8.6.1}{\376\377\0008\000.\0006\000.\0001\000\040\000M\000e\000m\000b\000e\000r\000\040\000T\000y\000p\000e\000d\000e\000f\000\040\000D\000o\000c\000u\000m\000e\000n\000t\000a\000t\000i\000o\000n}{section.8.6}% 65
\BOOKMARK [3][-]{subsubsection.8.6.1.1}{\376\377\0008\000.\0006\000.\0001\000.\0001\000\040\000C\000a\000l\000l\000b\000a\000c\000k}{subsection.8.6.1}% 66
\BOOKMARK [2][-]{subsection.8.6.2}{\376\377\0008\000.\0006\000.\0002\000\040\000M\000e\000m\000b\000e\000r\000\040\000F\000u\000n\000c\000t\000i\000o\000n\000\040\000D\000o\000c\000u\000m\000e\000n\000t\000a\000t\000i\000o\000n}{section.8.6}% 67
\BOOKMARK [3][-]{subsubsection.8.6.2.1}{\376\377\0008\000.\0006\000.\0002\000.\0001\000\040\000p\000u\000b\000l\000i\000s\000h\000\050\000\051}{subsection.8.6.2}% 68
\BOOKMARK [3][-]{subsubsection.8.6.2.2}{\376\377\0008\000.\0006\000.\0002\000.\0002\000\040\000s\000u\000b\000s\000c\000r\000i\000b\000e\000\050\000\051}{subsection.8.6.2}% 69
\BOOKMARK [2][-]{subsection.8.6.3}{\376\377\0008\000.\0006\000.\0003\000\040\000M\000e\000m\000b\000e\000r\000\040\000D\000a\000t\000a\000\040\000D\000o\000c\000u\000m\000e\000n\000t\000a\000t\000i\000o\000n}{section.8.6}% 70
\BOOKMARK [3][-]{subsubsection.8.6.3.1}{\376\377\0008\000.\0006\000.\0003\000.\0001\000\040\000m\000u\000t\000e\000x\000\137}{subsection.8.6.3}% 71
\BOOKMARK [3][-]{subsubsection.8.6.3.2}{\376\377\0008\000.\0006\000.\0003\000.\0002\000\040\000n\000e\000x\000t\000T\000o\000k\000e\000n\000\137}{subsection.8.6.3}% 72
\BOOKMARK [3][-]{subsubsection.8.6.3.3}{\376\377\0008\000.\0006\000.\0003\000.\0003\000\040\000s\000u\000b\000s\000c\000r\000i\000b\000e\000r\000s\000\137}{subsection.8.6.3}% 73
\BOOKMARK [1][-]{section.8.7}{\376\377\0008\000.\0007\000\040\000q\000l\000a\000i\000b\000:\000:\000a\000c\000q\000u\000i\000s\000i\000t\000i\000o\000n\000:\000:\000I\000B\000a\000c\000k\000e\000n\000d\000\040\000C\000l\000a\000s\000s\000\040\000R\000e\000f\000e\000r\000e\000n\000c\000e}{chapter.8}% 74
\BOOKMARK [2][-]{subsection.8.7.1}{\376\377\0008\000.\0007\000.\0001\000\040\000C\000o\000n\000s\000t\000r\000u\000c\000t\000o\000r\000\040\000\046\000\040\000D\000e\000s\000t\000r\000u\000c\000t\000o\000r\000\040\000D\000o\000c\000u\000m\000e\000n\000t\000a\000t\000i\000o\000n}{section.8.7}% 75
\BOOKMARK [3][-]{subsubsection.8.7.1.1}{\376\377\0008\000.\0007\000.\0001\000.\0001\000\040\000~\000I\000B\000a\000c\000k\000e\000n\000d\000\050\000\051}{subsection.8.7.1}% 76
\BOOKMARK [2][-]{subsection.8.7.2}{\376\377\0008\000.\0007\000.\0002\000\040\000M\000e\000m\000b\000e\000r\000\040\000F\000u\000n\000c\000t\000i\000o\000n\000\040\000D\000o\000c\000u\000m\000e\000n\000t\000a\000t\000i\000o\000n}{section.8.7}% 77
\BOOKMARK [3][-]{subsubsection.8.7.2.1}{\376\377\0008\000.\0007\000.\0002\000.\0001\000\040\000n\000e\000x\000t\000B\000a\000t\000c\000h\000\050\000\051}{subsection.8.7.2}% 78
\BOOKMARK [3][-]{subsubsection.8.7.2.2}{\376\377\0008\000.\0007\000.\0002\000.\0002\000\040\000s\000t\000a\000r\000t\000\050\000\051}{subsection.8.7.2}% 79
\BOOKMARK [3][-]{subsubsection.8.7.2.3}{\376\377\0008\000.\0007\000.\0002\000.\0003\000\040\000s\000t\000o\000p\000\050\000\051}{subsection.8.7.2}% 80
\BOOKMARK [1][-]{section.8.8}{\376\377\0008\000.\0008\000\040\000q\000l\000a\000i\000b\000:\000:\000m\000e\000t\000r\000i\000c\000s\000:\000:\000I\000M\000e\000t\000r\000i\000c\000\040\000C\000l\000a\000s\000s\000\040\000R\000e\000f\000e\000r\000e\000n\000c\000e}{chapter.8}% 81
\BOOKMARK [2][-]{subsection.8.8.1}{\376\377\0008\000.\0008\000.\0001\000\040\000C\000o\000n\000s\000t\000r\000u\000c\000t\000o\000r\000\040\000\046\000\040\000D\000e\000s\000t\000r\000u\000c\000t\000o\000r\000\040\000D\000o\000c\000u\000m\000e\000n\000t\000a\000t\000i\000o\000n}{section.8.8}% 82
\BOOKMARK [3][-]{subsubsection.8.8.1.1}{\376\377\0008\000.\0008\000.\0001\000.\0001\000\040\000~\000I\000M\000e\000t\000r\000i\000c\000\050\000\051}{subsection.8.8.1}% 83
\BOOKMARK [2][-]{subsection.8.8.2}{\376\377\0008\000.\0008\000.\0002\000\040\000M\000e\000m\000b\000e\000r\000\040\000F\000u\000n\000c\000t\000i\000o\000n\000\040\000D\000o\000c\000u\000m\000e\000n\000t\000a\000t\000i\000o\000n}{section.8.8}% 84
\BOOKMARK [3][-]{subsubsection.8.8.2.1}{\376\377\0008\000.\0008\000.\0002\000.\0001\000\040\000c\000o\000m\000p\000u\000t\000e\000\050\000\051}{subsection.8.8.2}% 85
\BOOKMARK [3][-]{subsubsection.8.8.2.2}{\376\377\0008\000.\0008\000.\0002\000.\0002\000\040\000n\000a\000m\000e\000\050\000\051}{subsection.8.8.2}% 86
\BOOKMARK [1][-]{section.8.9}{\376\377\0008\000.\0009\000\040\000q\000l\000a\000i\000b\000:\000:\000u\000i\000:\000:\000M\000a\000i\000n\000W\000i\000n\000d\000o\000w\000\040\000C\000l\000a\000s\000s\000\040\000R\000e\000f\000e\000r\000e\000n\000c\000e}{chapter.8}% 87
\BOOKMARK [2][-]{subsection.8.9.1}{\376\377\0008\000.\0009\000.\0001\000\040\000D\000e\000t\000a\000i\000l\000e\000d\000\040\000D\000e\000s\000c\000r\000i\000p\000t\000i\000o\000n}{section.8.9}% 88
\BOOKMARK [2][-]{subsection.8.9.2}{\376\377\0008\000.\0009\000.\0002\000\040\000C\000o\000n\000s\000t\000r\000u\000c\000t\000o\000r\000\040\000\046\000\040\000D\000e\000s\000t\000r\000u\000c\000t\000o\000r\000\040\000D\000o\000c\000u\000m\000e\000n\000t\000a\000t\000i\000o\000n}{section.8.9}% 89
\BOOKMARK [3][-]{subsubsection.8.9.2.1}{\376\377\0008\000.\0009\000.\0002\000.\0001\000\040\000M\000a\000i\000n\000W\000i\000n\000d\000o\000w\000\050\000\051}{subsection.8.9.2}% 90
\BOOKMARK [2][-]{subsection.8.9.3}{\376\377\0008\000.\0009\000.\0003\000\040\000M\000e\000m\000b\000e\000r\000\040\000F\000u\000n\000c\000t\000i\000o\000n\000\040\000D\000o\000c\000u\000m\000e\000n\000t\000a\000t\000i\000o\000n}{section.8.9}% 91
\BOOKMARK [3][-]{subsubsection.8.9.3.1}{\376\377\0008\000.\0009\000.\0003\000.\0001\000\040\000a\000d\000d\000P\000a\000i\000r}{subsection.8.9.3}% 92
\BOOKMARK [3][-]{subsubsection.8.9.3.2}{\376\377\0008\000.\0009\000.\0003\000.\0002\000\040\000a\000p\000p\000e\000n\000d\000S\000a\000m\000p\000l\000e\000\050\000\051}{subsection.8.9.3}% 93
\BOOKMARK [3][-]{subsubsection.8.9.3.3}{\376\377\0008\000.\0009\000.\0003\000.\0003\000\040\000c\000a\000l\000i\000b\000r\000a\000t\000e\000A\000l\000l}{subsection.8.9.3}% 94
\BOOKMARK [3][-]{subsubsection.8.9.3.4}{\376\377\0008\000.\0009\000.\0003\000.\0004\000\040\000c\000a\000l\000i\000b\000r\000a\000t\000e\000S\000e\000l\000e\000c\000t\000e\000d}{subsection.8.9.3}% 95
\BOOKMARK [3][-]{subsubsection.8.9.3.5}{\376\377\0008\000.\0009\000.\0003\000.\0005\000\040\000c\000o\000m\000p\000u\000t\000e\000H\000i\000s\000t\000o\000g\000r\000a\000m}{subsection.8.9.3}% 96
\BOOKMARK [3][-]{subsubsection.8.9.3.6}{\376\377\0008\000.\0009\000.\0003\000.\0006\000\040\000e\000x\000p\000o\000r\000t\000C\000s\000v}{subsection.8.9.3}% 97
\BOOKMARK [3][-]{subsubsection.8.9.3.7}{\376\377\0008\000.\0009\000.\0003\000.\0007\000\040\000l\000o\000a\000d\000C\000o\000n\000f\000i\000g\000\050\000\051}{subsection.8.9.3}% 98
\BOOKMARK [3][-]{subsubsection.8.9.3.8}{\376\377\0008\000.\0009\000.\0003\000.\0008\000\040\000r\000e\000f\000r\000e\000s\000h\000P\000a\000i\000r\000L\000i\000s\000t\000\050\000\051}{subsection.8.9.3}% 99
\BOOKMARK [3][-]{subsubsection.8.9.3.9}{\376\377\0008\000.\0009\000.\0003\000.\0009\000\040\000r\000e\000f\000r\000e\000s\000h\000P\000a\000i\000r\000s\000T\000a\000b\000l\000e\000\050\000\051}{subsection.8.9.3}% 100
\BOOKMARK [3][-]{subsubsection.8.9.3.10}{\376\377\0008\000.\0009\000.\0003\000.\0001\0000\000\040\000r\000e\000m\000o\000v\000e\000S\000e\000l\000e\000c\000t\000e\000d\000P\000a\000i\000r}{subsection.8.9.3}% 101
\BOOKMARK [3][-]{subsubsection.8.9.3.11}{\376\377\0008\000.\0009\000.\0003\000.\0001\0001\000\040\000r\000e\000s\000e\000t\000P\000a\000i\000r\000s}{subsection.8.9.3}% 102
\BOOKMARK [3][-]{subsubsection.8.9.3.12}{\376\377\0008\000.\0009\000.\0003\000.\0001\0002\000\040\000s\000a\000v\000e\000C\000o\000n\000f\000i\000g\000\050\000\051}{subsection.8.9.3}% 103
\BOOKMARK [3][-]{subsubsection.8.9.3.13}{\376\377\0008\000.\0009\000.\0003\000.\0001\0003\000\040\000s\000e\000t\000M\000o\000d\000e\000\050\000\051}{subsection.8.9.3}% 104
\BOOKMARK [3][-]{subsubsection.8.9.3.14}{\376\377\0008\000.\0009\000.\0003\000.\0001\0004\000\040\000s\000e\000t\000R\000e\000p\000l\000a\000y\000F\000i\000l\000e\000\050\000\051}{subsection.8.9.3}% 105
\BOOKMARK [3][-]{subsubsection.8.9.3.15}{\376\377\0008\000.\0009\000.\0003\000.\0001\0005\000\040\000s\000e\000t\000u\000p\000U\000i\000\050\000\051}{subsection.8.9.3}% 106
\BOOKMARK [3][-]{subsubsection.8.9.3.16}{\376\377\0008\000.\0009\000.\0003\000.\0001\0006\000\040\000s\000t\000a\000r\000t\000\050\000\051}{subsection.8.9.3}% 107
\BOOKMARK [3][-]{subsubsection.8.9.3.17}{\376\377\0008\000.\0009\000.\0003\000.\0001\0007\000\040\000s\000t\000o\000p\000\050\000\051}{subsection.8.9.3}% 108
\BOOKMARK [3][-]{subsubsection.8.9.3.18}{\376\377\0008\000.\0009\000.\0003\000.\0001\0008\000\040\000t\000i\000c\000k}{subsection.8.9.3}% 109
\BOOKMARK [3][-]{subsubsection.8.9.3.19}{\376\377\0008\000.\0009\000.\0003\000.\0001\0009\000\040\000t\000o\000g\000g\000l\000e\000R\000e\000c\000o\000r\000d\000i\000n\000g}{subsection.8.9.3}% 110
\BOOKMARK [2][-]{subsection.8.9.4}{\376\377\0008\000.\0009\000.\0004\000\040\000M\000e\000m\000b\000e\000r\000\040\000D\000a\000t\000a\000\040\000D\000o\000c\000u\000m\000e\000n\000t\000a\000t\000i\000o\000n}{section.8.9}% 111
\BOOKMARK [3][-]{subsubsection.8.9.4.1}{\376\377\0008\000.\0009\000.\0004\000.\0001\000\040\000b\000a\000c\000k\000e\000n\000d\000\137}{subsection.8.9.4}% 112
\BOOKMARK [3][-]{subsubsection.8.9.4.2}{\376\377\0008\000.\0009\000.\0004\000.\0002\000\040\000c\000f\000g\000\137}{subsection.8.9.4}% 113
\BOOKMARK [3][-]{subsubsection.8.9.4.3}{\376\377\0008\000.\0009\000.\0004\000.\0003\000\040\000c\000o\000i\000n\000c\000i\000d\000e\000n\000c\000e\000W\000i\000n\000d\000o\000w\000P\000s\000\137}{subsection.8.9.4}% 114
\BOOKMARK [3][-]{subsubsection.8.9.4.4}{\376\377\0008\000.\0009\000.\0004\000.\0004\000\040\000h\000i\000s\000t\000o\000g\000r\000a\000m\000W\000i\000n\000d\000o\000w\000P\000s\000\137}{subsection.8.9.4}% 115
\BOOKMARK [3][-]{subsubsection.8.9.4.5}{\376\377\0008\000.\0009\000.\0004\000.\0005\000\040\000l\000a\000t\000e\000s\000t\000B\000a\000t\000c\000h\000\137}{subsection.8.9.4}% 116
\BOOKMARK [3][-]{subsubsection.8.9.4.6}{\376\377\0008\000.\0009\000.\0004\000.\0006\000\040\000m\000e\000t\000r\000i\000c\000s\000\137}{subsection.8.9.4}% 117
\BOOKMARK [3][-]{subsubsection.8.9.4.7}{\376\377\0008\000.\0009\000.\0004\000.\0007\000\040\000m\000o\000d\000e\000\137}{subsection.8.9.4}% 118
\BOOKMARK [3][-]{subsubsection.8.9.4.8}{\376\377\0008\000.\0009\000.\0004\000.\0008\000\040\000p\000a\000i\000r\000s\000\137}{subsection.8.9.4}% 119
\BOOKMARK [3][-]{subsubsection.8.9.4.9}{\376\377\0008\000.\0009\000.\0004\000.\0009\000\040\000r\000e\000p\000l\000a\000y\000F\000i\000l\000e\000\137}{subsection.8.9.4}% 120
\BOOKMARK [3][-]{subsubsection.8.9.4.10}{\376\377\0008\000.\0009\000.\0004\000.\0001\0000\000\040\000t\0000\000\137\000m\000s\000\137}{subsection.8.9.4}% 121
\BOOKMARK [3][-]{subsubsection.8.9.4.11}{\376\377\0008\000.\0009\000.\0004\000.\0001\0001\000\040\000t\000i\000m\000e\000r\000\137}{subsection.8.9.4}% 122
\BOOKMARK [1][-]{section.8.10}{\376\377\0008\000.\0001\0000\000\040\000q\000l\000a\000i\000b\000:\000:\000a\000c\000q\000u\000i\000s\000i\000t\000i\000o\000n\000:\000:\000M\000o\000c\000k\000B\000a\000c\000k\000e\000n\000d\000\040\000C\000l\000a\000s\000s\000\040\000R\000e\000f\000e\000r\000e\000n\000c\000e}{chapter.8}% 123
\BOOKMARK [2][-]{subsection.8.10.1}{\376\377\0008\000.\0001\0000\000.\0001\000\040\000M\000e\000m\000b\000e\000r\000\040\000F\000u\000n\000c\000t\000i\000o\000n\000\040\000D\000o\000c\000u\000m\000e\000n\000t\000a\000t\000i\000o\000n}{section.8.10}% 124
\BOOKMARK [3][-]{subsubsection.8.10.1.1}{\376\377\0008\000.\0001\0000\000.\0001\000.\0001\000\040\000n\000e\000x\000t\000B\000a\000t\000c\000h\000\050\000\051}{subsection.8.10.1}% 125
\BOOKMARK [3][-]{subsubsection.8.10.1.2}{\376\377\0008\000.\0001\0000\000.\0001\000.\0002\000\040\000s\000t\000a\000r\000t\000\050\000\051}{subsection.8.10.1}% 126
\BOOKMARK [3][-]{subsubsection.8.10.1.3}{\376\377\0008\000.\0001\0000\000.\0001\000.\0003\000\040\000s\000t\000o\000p\000\050\000\051}{subsection.8.10.1}% 127
\BOOKMARK [2][-]{subsection.8.10.2}{\376\377\0008\000.\0001\0000\000.\0002\000\040\000M\000e\000m\000b\000e\000r\000\040\000D\000a\000t\000a\000\040\000D\000o\000c\000u\000m\000e\000n\000t\000a\000t\000i\000o\000n}{section.8.10}% 128
\BOOKMARK [3][-]{subsubsection.8.10.2.1}{\376\377\0008\000.\0001\0000\000.\0002\000.\0001\000\040\000e\000x\000p\000o\000s\000u\000r\000e\000\137}{subsection.8.10.2}% 129
\BOOKMARK [3][-]{subsubsection.8.10.2.2}{\376\377\0008\000.\0001\0000\000.\0002\000.\0002\000\040\000r\000n\000g\000\137}{subsection.8.10.2}% 130
\BOOKMARK [3][-]{subsubsection.8.10.2.3}{\376\377\0008\000.\0001\0000\000.\0002\000.\0003\000\040\000r\000u\000n\000n\000i\000n\000g\000\137}{subsection.8.10.2}% 131
\BOOKMARK [3][-]{subsubsection.8.10.2.4}{\376\377\0008\000.\0001\0000\000.\0002\000.\0004\000\040\000s\000t\000a\000r\000t\000T\000i\000m\000e\000\137}{subsection.8.10.2}% 132
\BOOKMARK [1][-]{section.8.11}{\376\377\0008\000.\0001\0001\000\040\000q\000l\000a\000i\000b\000:\000:\000u\000i\000:\000:\000P\000a\000i\000r\000S\000p\000e\000c\000\040\000S\000t\000r\000u\000c\000t\000\040\000R\000e\000f\000e\000r\000e\000n\000c\000e}{chapter.8}% 133
\BOOKMARK [2][-]{subsection.8.11.1}{\376\377\0008\000.\0001\0001\000.\0001\000\040\000D\000e\000t\000a\000i\000l\000e\000d\000\040\000D\000e\000s\000c\000r\000i\000p\000t\000i\000o\000n}{section.8.11}% 134
\BOOKMARK [2][-]{subsection.8.11.2}{\376\377\0008\000.\0001\0001\000.\0002\000\040\000M\000e\000m\000b\000e\000r\000\040\000D\000a\000t\000a\000\040\000D\000o\000c\000u\000m\000e\000n\000t\000a\000t\000i\000o\000n}{section.8.11}% 135
\BOOKMARK [3][-]{subsubsection.8.11.2.1}{\376\377\0008\000.\0001\0001\000.\0002\000.\0001\000\040\000c\000h\000A}{subsection.8.11.2}% 136
\BOOKMARK [3][-]{subsubsection.8.11.2.2}{\376\377\0008\000.\0001\0001\000.\0002\000.\0002\000\040\000c\000h\000B}{subsection.8.11.2}% 137
\BOOKMARK [3][-]{subsubsection.8.11.2.3}{\376\377\0008\000.\0001\0001\000.\0002\000.\0003\000\040\000d\000e\000l\000a\000y\000P\000s}{subsection.8.11.2}% 138
\BOOKMARK [3][-]{subsubsection.8.11.2.4}{\376\377\0008\000.\0001\0001\000.\0002\000.\0004\000\040\000l\000a\000b\000e\000l}{subsection.8.11.2}% 139
\BOOKMARK [1][-]{section.8.12}{\376\377\0008\000.\0001\0002\000\040\000q\000l\000a\000i\000b\000:\000:\000a\000c\000q\000u\000i\000s\000i\000t\000i\000o\000n\000:\000:\000Q\000u\000T\000A\000G\000B\000a\000c\000k\000e\000n\000d\000\040\000C\000l\000a\000s\000s\000\040\000R\000e\000f\000e\000r\000e\000n\000c\000e}{chapter.8}% 140
\BOOKMARK [2][-]{subsection.8.12.1}{\376\377\0008\000.\0001\0002\000.\0001\000\040\000M\000e\000m\000b\000e\000r\000\040\000F\000u\000n\000c\000t\000i\000o\000n\000\040\000D\000o\000c\000u\000m\000e\000n\000t\000a\000t\000i\000o\000n}{section.8.12}% 141
\BOOKMARK [3][-]{subsubsection.8.12.1.1}{\376\377\0008\000.\0001\0002\000.\0001\000.\0001\000\040\000n\000e\000x\000t\000B\000a\000t\000c\000h\000\050\000\051}{subsection.8.12.1}% 142
\BOOKMARK [3][-]{subsubsection.8.12.1.2}{\376\377\0008\000.\0001\0002\000.\0001\000.\0002\000\040\000s\000t\000a\000r\000t\000\050\000\051}{subsection.8.12.1}% 143
\BOOKMARK [3][-]{subsubsection.8.12.1.3}{\376\377\0008\000.\0001\0002\000.\0001\000.\0003\000\040\000s\000t\000a\000r\000t\000R\000e\000c\000o\000r\000d\000i\000n\000g\000\050\000\051}{subsection.8.12.1}% 144
\BOOKMARK [3][-]{subsubsection.8.12.1.4}{\376\377\0008\000.\0001\0002\000.\0001\000.\0004\000\040\000s\000t\000o\000p\000\050\000\051}{subsection.8.12.1}% 145
\BOOKMARK [3][-]{subsubsection.8.12.1.5}{\376\377\0008\000.\0001\0002\000.\0001\000.\0005\000\040\000s\000t\000o\000p\000R\000e\000c\000o\000r\000d\000i\000n\000g\000\050\000\051}{subsection.8.12.1}% 146
\BOOKMARK [2][-]{subsection.8.12.2}{\376\377\0008\000.\0001\0002\000.\0002\000\040\000M\000e\000m\000b\000e\000r\000\040\000D\000a\000t\000a\000\040\000D\000o\000c\000u\000m\000e\000n\000t\000a\000t\000i\000o\000n}{section.8.12}% 147
\BOOKMARK [3][-]{subsubsection.8.12.2.1}{\376\377\0008\000.\0001\0002\000.\0002\000.\0001\000\040\000b\000u\000f\000f\000e\000r\000S\000i\000z\000e\000\137}{subsection.8.12.2}% 148
\BOOKMARK [3][-]{subsubsection.8.12.2.2}{\376\377\0008\000.\0001\0002\000.\0002\000.\0002\000\040\000c\000h\000B\000u\000f\000f\000e\000r\000\137}{subsection.8.12.2}% 149
\BOOKMARK [3][-]{subsubsection.8.12.2.3}{\376\377\0008\000.\0001\0002\000.\0002\000.\0003\000\040\000c\000o\000i\000n\000c\000W\000i\000n\000d\000o\000w\000P\000s\000\137}{subsection.8.12.2}% 150
\BOOKMARK [3][-]{subsubsection.8.12.2.4}{\376\377\0008\000.\0001\0002\000.\0002\000.\0004\000\040\000c\000o\000n\000n\000e\000c\000t\000e\000d\000\137}{subsection.8.12.2}% 151
\BOOKMARK [3][-]{subsubsection.8.12.2.5}{\376\377\0008\000.\0001\0002\000.\0002\000.\0005\000\040\000e\000x\000p\000o\000s\000u\000r\000e\000M\000s\000\137}{subsection.8.12.2}% 152
\BOOKMARK [3][-]{subsubsection.8.12.2.6}{\376\377\0008\000.\0001\0002\000.\0002\000.\0006\000\040\000r\000e\000c\000o\000r\000d\000i\000n\000g\000\137}{subsection.8.12.2}% 153
\BOOKMARK [3][-]{subsubsection.8.12.2.7}{\376\377\0008\000.\0001\0002\000.\0002\000.\0007\000\040\000t\000s\000B\000u\000f\000f\000e\000r\000\137}{subsection.8.12.2}% 154
\BOOKMARK [1][-]{section.8.13}{\376\377\0008\000.\0001\0003\000\040\000q\000l\000a\000i\000b\000:\000:\000m\000e\000t\000r\000i\000c\000s\000:\000:\000R\000e\000g\000i\000s\000t\000r\000y\000\040\000C\000l\000a\000s\000s\000\040\000R\000e\000f\000e\000r\000e\000n\000c\000e}{chapter.8}% 155
\BOOKMARK [2][-]{subsection.8.13.1}{\376\377\0008\000.\0001\0003\000.\0001\000\040\000M\000e\000m\000b\000e\000r\000\040\000F\000u\000n\000c\000t\000i\000o\000n\000\040\000D\000o\000c\000u\000m\000e\000n\000t\000a\000t\000i\000o\000n}{section.8.13}% 156
\BOOKMARK [3][-]{subsubsection.8.13.1.1}{\376\377\0008\000.\0001\0003\000.\0001\000.\0001\000\040\000c\000o\000m\000p\000u\000t\000e\000A\000l\000l\000\050\000\051}{subsection.8.13.1}% 157
\BOOKMARK [3][-]{subsubsection.8.13.1.2}{\376\377\0008\000.\0001\0003\000.\0001\000.\0002\000\040\000r\000e\000g\000i\000s\000t\000e\000r\000M\000e\000t\000r\000i\000c\000\050\000\051}{subsection.8.13.1}% 158
\BOOKMARK [2][-]{subsection.8.13.2}{\376\377\0008\000.\0001\0003\000.\0002\000\040\000M\000e\000m\000b\000e\000r\000\040\000D\000a\000t\000a\000\040\000D\000o\000c\000u\000m\000e\000n\000t\000a\000t\000i\000o\000n}{section.8.13}% 159
\BOOKMARK [3][-]{subsubsection.8.13.2.1}{\376\377\0008\000.\0001\0003\000.\0002\000.\0001\000\040\000m\000e\000t\000r\000i\000c\000s\000\137}{subsection.8.13.2}% 160
\BOOKMARK [1][-]{section.8.14}{\376\377\0008\000.\0001\0004\000\040\000q\000l\000a\000i\000b\000:\000:\000d\000a\000t\000a\000:\000:\000S\000a\000m\000p\000l\000e\000B\000a\000t\000c\000h\000\040\000S\000t\000r\000u\000c\000t\000\040\000R\000e\000f\000e\000r\000e\000n\000c\000e}{chapter.8}% 161
\BOOKMARK [2][-]{subsection.8.14.1}{\376\377\0008\000.\0001\0004\000.\0001\000\040\000M\000e\000m\000b\000e\000r\000\040\000D\000a\000t\000a\000\040\000D\000o\000c\000u\000m\000e\000n\000t\000a\000t\000i\000o\000n}{section.8.14}% 162
\BOOKMARK [3][-]{subsubsection.8.14.1.1}{\376\377\0008\000.\0001\0004\000.\0001\000.\0001\000\040\000c\000o\000i\000n\000c\000i\000d\000e\000n\000c\000e\000s}{subsection.8.14.1}% 163
\BOOKMARK [3][-]{subsubsection.8.14.1.2}{\376\377\0008\000.\0001\0004\000.\0001\000.\0002\000\040\000m\000e\000t\000r\000i\000c\000s}{subsection.8.14.1}% 164
\BOOKMARK [3][-]{subsubsection.8.14.1.3}{\376\377\0008\000.\0001\0004\000.\0001\000.\0003\000\040\000s\000i\000n\000g\000l\000e\000s}{subsection.8.14.1}% 165
\BOOKMARK [3][-]{subsubsection.8.14.1.4}{\376\377\0008\000.\0001\0004\000.\0001\000.\0004\000\040\000t\000i\000m\000e\000s\000t\000a\000m\000p}{subsection.8.14.1}% 166
\BOOKMARK [3][-]{subsubsection.8.14.1.5}{\376\377\0008\000.\0001\0004\000.\0001\000.\0005\000\040\000t\000i\000m\000e\000s\000t\000a\000m\000p\000s\000\137\000p\000s}{subsection.8.14.1}% 167
\BOOKMARK [1][-]{section.8.15}{\376\377\0008\000.\0001\0005\000\040\000q\000l\000a\000i\000b\000:\000:\000c\000o\000r\000e\000:\000:\000E\000v\000e\000n\000t\000B\000u\000s\000<\000\040\000P\000a\000y\000l\000o\000a\000d\000\040\000>\000:\000:\000S\000u\000b\000s\000c\000r\000i\000b\000e\000r\000\040\000S\000t\000r\000u\000c\000t\000\040\000R\000e\000f\000e\000r\000e\000n\000c\000e}{chapter.8}% 168
\BOOKMARK [2][-]{subsection.8.15.1}{\376\377\0008\000.\0001\0005\000.\0001\000\040\000M\000e\000m\000b\000e\000r\000\040\000D\000a\000t\000a\000\040\000D\000o\000c\000u\000m\000e\000n\000t\000a\000t\000i\000o\000n}{section.8.15}% 169
\BOOKMARK [3][-]{subsubsection.8.15.1.1}{\376\377\0008\000.\0001\0005\000.\0001\000.\0001\000\040\000c\000b}{subsection.8.15.1}% 170
\BOOKMARK [3][-]{subsubsection.8.15.1.2}{\376\377\0008\000.\0001\0005\000.\0001\000.\0002\000\040\000t\000o\000k\000e\000n}{subsection.8.15.1}% 171
\BOOKMARK [0][-]{chapter.9}{\376\377\0009\000\040\000F\000i\000l\000e\000\040\000D\000o\000c\000u\000m\000e\000n\000t\000a\000t\000i\000o\000n}{}% 172
\BOOKMARK [1][-]{section.9.1}{\376\377\0009\000.\0001\000\040\000i\000n\000c\000l\000u\000d\000e\000/\000q\000l\000a\000i\000b\000/\000a\000c\000q\000u\000i\000s\000i\000t\000i\000o\000n\000/\000B\000i\000n\000R\000e\000p\000l\000a\000y\000B\000a\000c\000k\000e\000n\000d\000.\000h\000\040\000F\000i\000l\000e\000\040\000R\000e\000f\000e\000r\000e\000n\000c\000e}{chapter.9}% 173
\BOOKMARK [1][-]{section.9.2}{\376\377\0009\000.\0002\000\040\000B\000i\000n\000R\000e\000p\000l\000a\000y\000B\000a\000c\000k\000e\000n\000d\000.\000h}{chapter.9}% 174
\BOOKMARK [1][-]{section.9.3}{\376\377\0009\000.\0003\000\040\000i\000n\000c\000l\000u\000d\000e\000/\000q\000l\000a\000i\000b\000/\000a\000c\000q\000u\000i\000s\000i\000t\000i\000o\000n\000/\000I\000B\000a\000c\000k\000e\000n\000d\000.\000h\000\040\000F\000i\000l\000e\000\040\000R\000e\000f\000e\000r\000e\000n\000c\000e}{chapter.9}% 175
\BOOKMARK [1][-]{section.9.4}{\376\377\0009\000.\0004\000\040\000I\000B\000a\000c\000k\000e\000n\000d\000.\000h}{chapter.9}% 176
\BOOKMARK [1][-]{section.9.5}{\376\377\0009\000.\0005\000\040\000i\000n\000c\000l\000u\000d\000e\000/\000q\000l\000a\000i\000b\000/\000a\000c\000q\000u\000i\000s\000i\000t\000i\000o\000n\000/\000M\000o\000c\000k\000B\000a\000c\000k\000e\000n\000d\000.\000h\000\040\000F\000i\000l\000e\000\040\000R\000e\000f\000e\000r\000e\000n\000c\000e}{chapter.9}% 177
\BOOKMARK [1][-]{section.9.6}{\376\377\0009\000.\0006\000\040\000M\000o\000c\000k\000B\000a\000c\000k\000e\000n\000d\000.\000h}{chapter.9}% 178
\BOOKMARK [1][-]{section.9.7}{\376\377\0009\000.\0007\000\040\000i\000n\000c\000l\000u\000d\000e\000/\000q\000l\000a\000i\000b\000/\000a\000c\000q\000u\000i\000s\000i\000t\000i\000o\000n\000/\000Q\000u\000T\000A\000G\000B\000a\000c\000k\000e\000n\000d\000.\000h\000\040\000F\000i\000l\000e\000\040\000R\000e\000f\000e\000r\000e\000n\000c\000e}{chapter.9}% 179
\BOOKMARK [1][-]{section.9.8}{\376\377\0009\000.\0008\000\040\000Q\000u\000T\000A\000G\000B\000a\000c\000k\000e\000n\000d\000.\000h}{chapter.9}% 180
\BOOKMARK [1][-]{section.9.9}{\376\377\0009\000.\0009\000\040\000i\000n\000c\000l\000u\000d\000e\000/\000q\000l\000a\000i\000b\000/\000c\000o\000r\000e\000/\000E\000v\000e\000n\000t\000B\000u\000s\000.\000h\000\040\000F\000i\000l\000e\000\040\000R\000e\000f\000e\000r\000e\000n\000c\000e}{chapter.9}% 181
\BOOKMARK [1][-]{section.9.10}{\376\377\0009\000.\0001\0000\000\040\000E\000v\000e\000n\000t\000B\000u\000s\000.\000h}{chapter.9}% 182
\BOOKMARK [1][-]{section.9.11}{\376\377\0009\000.\0001\0001\000\040\000i\000n\000c\000l\000u\000d\000e\000/\000q\000l\000a\000i\000b\000/\000d\000a\000t\000a\000/\000S\000a\000m\000p\000l\000e\000B\000a\000t\000c\000h\000.\000h\000\040\000F\000i\000l\000e\000\040\000R\000e\000f\000e\000r\000e\000n\000c\000e}{chapter.9}% 183
\BOOKMARK [1][-]{section.9.12}{\376\377\0009\000.\0001\0002\000\040\000S\000a\000m\000p\000l\000e\000B\000a\000t\000c\000h\000.\000h}{chapter.9}% 184
\BOOKMARK [1][-]{section.9.13}{\376\377\0009\000.\0001\0003\000\040\000i\000n\000c\000l\000u\000d\000e\000/\000q\000l\000a\000i\000b\000/\000m\000e\000t\000r\000i\000c\000s\000/\000I\000M\000e\000t\000r\000i\000c\000.\000h\000\040\000F\000i\000l\000e\000\040\000R\000e\000f\000e\000r\000e\000n\000c\000e}{chapter.9}% 185
\BOOKMARK [1][-]{section.9.14}{\376\377\0009\000.\0001\0004\000\040\000I\000M\000e\000t\000r\000i\000c\000.\000h}{chapter.9}% 186
\BOOKMARK [1][-]{section.9.15}{\376\377\0009\000.\0001\0005\000\040\000i\000n\000c\000l\000u\000d\000e\000/\000q\000l\000a\000i\000b\000/\000m\000e\000t\000r\000i\000c\000s\000/\000R\000e\000g\000i\000s\000t\000r\000y\000.\000h\000\040\000F\000i\000l\000e\000\040\000R\000e\000f\000e\000r\000e\000n\000c\000e}{chapter.9}% 187
\BOOKMARK [1][-]{section.9.16}{\376\377\0009\000.\0001\0006\000\040\000R\000e\000g\000i\000s\000t\000r\000y\000.\000h}{chapter.9}% 188
\BOOKMARK [1][-]{section.9.17}{\376\377\0009\000.\0001\0007\000\040\000i\000n\000c\000l\000u\000d\000e\000/\000q\000l\000a\000i\000b\000/\000u\000i\000/\000M\000a\000i\000n\000W\000i\000n\000d\000o\000w\000.\000h\000\040\000F\000i\000l\000e\000\040\000R\000e\000f\000e\000r\000e\000n\000c\000e}{chapter.9}% 189
\BOOKMARK [1][-]{section.9.18}{\376\377\0009\000.\0001\0008\000\040\000M\000a\000i\000n\000W\000i\000n\000d\000o\000w\000.\000h}{chapter.9}% 190
\BOOKMARK [1][-]{section.9.19}{\376\377\0009\000.\0001\0009\000\040\000s\000r\000c\000/\000a\000c\000q\000u\000i\000s\000i\000t\000i\000o\000n\000/\000B\000i\000n\000R\000e\000p\000l\000a\000y\000B\000a\000c\000k\000e\000n\000d\000.\000c\000p\000p\000\040\000F\000i\000l\000e\000\040\000R\000e\000f\000e\000r\000e\000n\000c\000e}{chapter.9}% 191
\BOOKMARK [1][-]{section.9.20}{\376\377\0009\000.\0002\0000\000\040\000s\000r\000c\000/\000a\000c\000q\000u\000i\000s\000i\000t\000i\000o\000n\000/\000M\000o\000c\000k\000B\000a\000c\000k\000e\000n\000d\000.\000c\000p\000p\000\040\000F\000i\000l\000e\000\040\000R\000e\000f\000e\000r\000e\000n\000c\000e}{chapter.9}% 192
\BOOKMARK [1][-]{section.9.21}{\376\377\0009\000.\0002\0001\000\040\000s\000r\000c\000/\000a\000c\000q\000u\000i\000s\000i\000t\000i\000o\000n\000/\000Q\000u\000T\000A\000G\000B\000a\000c\000k\000e\000n\000d\000.\000c\000p\000p\000\040\000F\000i\000l\000e\000\040\000R\000e\000f\000e\000r\000e\000n\000c\000e}{chapter.9}% 193
\BOOKMARK [1][-]{section.9.22}{\376\377\0009\000.\0002\0002\000\040\000s\000r\000c\000/\000m\000e\000t\000r\000i\000c\000s\000/\000R\000e\000g\000i\000s\000t\000r\000y\000.\000c\000p\000p\000\040\000F\000i\000l\000e\000\040\000R\000e\000f\000e\000r\000e\000n\000c\000e}{chapter.9}% 194
\BOOKMARK [1][-]{section.9.23}{\376\377\0009\000.\0002\0003\000\040\000s\000r\000c\000/\000u\000i\000/\000M\000a\000i\000n\000W\000i\000n\000d\000o\000w\000.\000c\000p\000p\000\040\000F\000i\000l\000e\000\040\000R\000e\000f\000e\000r\000e\000n\000c\000e}{chapter.9}% 195
\BOOKMARK [2][-]{subsection.9.23.1}{\376\377\0009\000.\0002\0003\000.\0001\000\040\000F\000u\000n\000c\000t\000i\000o\000n\000\040\000D\000o\000c\000u\000m\000e\000n\000t\000a\000t\000i\000o\000n}{section.9.23}% 196
\BOOKMARK [3][-]{subsubsection.9.23.1.1}{\376\377\0009\000.\0002\0003\000.\0001\000.\0001\000\040\000f\000i\000n\000d\000B\000e\000s\000t\000D\000e\000l\000a\000y\000P\000i\000c\000o\000s\000e\000c\000o\000n\000d\000s\000\050\000\051}{subsection.9.23.1}% 197
\BOOKMARK [1][-]{section.9.24}{\376\377\0009\000.\0002\0004\000\040\000/\000h\000o\000m\000e\000/\000b\000o\000g\000f\000o\000o\000t\000l\000j\000/\000D\000o\000c\000u\000m\000e\000n\000t\000s\000/\000P\000h\000D\000C\000o\000d\000e\000/\000Q\000L\000a\000i\000b\000L\000i\000b\000C\000p\000p\000/\000d\000o\000c\000s\000/\000A\000R\000C\000H\000I\000T\000E\000C\000T\000U\000R\000E\000.\000m\000d\000\040\000F\000i\000l\000e\000\040\000R\000e\000f\000e\000r\000e\000n\000c\000e}{chapter.9}% 198
\BOOKMARK [1][-]{section.9.25}{\376\377\0009\000.\0002\0005\000\040\000/\000h\000o\000m\000e\000/\000b\000o\000g\000f\000o\000o\000t\000l\000j\000/\000D\000o\000c\000u\000m\000e\000n\000t\000s\000/\000P\000h\000D\000C\000o\000d\000e\000/\000Q\000L\000a\000i\000b\000L\000i\000b\000C\000p\000p\000/\000d\000o\000c\000s\000/\000U\000S\000A\000G\000E\000.\000m\000d\000\040\000F\000i\000l\000e\000\040\000R\000e\000f\000e\000r\000e\000n\000c\000e}{chapter.9}% 199
\BOOKMARK [0][-]{section*.101}{\376\377\000I\000n\000d\000e\000x}{}% 200
